{"/Users/amoawah/todo-api/app.js": {"path":"/Users/amoawah/todo-api/app.js","statementMap":{"0":{"start":{"line":1,"column":16},"end":{"line":1,"column":34}},"1":{"start":{"line":2,"column":12},"end":{"line":2,"column":21}},"2":{"start":{"line":4,"column":0},"end":{"line":4,"column":24}},"3":{"start":{"line":6,"column":12},"end":{"line":6,"column":14}},"4":{"start":{"line":7,"column":13},"end":{"line":7,"column":14}},"5":{"start":{"line":10,"column":0},"end":{"line":12,"column":3}},"6":{"start":{"line":11,"column":2},"end":{"line":11,"column":52}},"7":{"start":{"line":15,"column":0},"end":{"line":17,"column":3}},"8":{"start":{"line":16,"column":2},"end":{"line":16,"column":18}},"9":{"start":{"line":20,"column":0},"end":{"line":24,"column":3}},"10":{"start":{"line":21,"column":15},"end":{"line":21,"column":64}},"11":{"start":{"line":21,"column":31},"end":{"line":21,"column":63}},"12":{"start":{"line":22,"column":2},"end":{"line":22,"column":70}},"13":{"start":{"line":22,"column":13},"end":{"line":22,"column":70}},"14":{"start":{"line":23,"column":2},"end":{"line":23,"column":17}},"15":{"start":{"line":27,"column":0},"end":{"line":33,"column":3}},"16":{"start":{"line":28,"column":20},"end":{"line":28,"column":28}},"17":{"start":{"line":29,"column":2},"end":{"line":29,"column":74}},"18":{"start":{"line":29,"column":14},"end":{"line":29,"column":74}},"19":{"start":{"line":30,"column":15},"end":{"line":30,"column":56}},"20":{"start":{"line":31,"column":2},"end":{"line":31,"column":19}},"21":{"start":{"line":32,"column":2},"end":{"line":32,"column":29}},"22":{"start":{"line":36,"column":0},"end":{"line":43,"column":3}},"23":{"start":{"line":37,"column":15},"end":{"line":37,"column":64}},"24":{"start":{"line":37,"column":31},"end":{"line":37,"column":63}},"25":{"start":{"line":38,"column":2},"end":{"line":38,"column":70}},"26":{"start":{"line":38,"column":13},"end":{"line":38,"column":70}},"27":{"start":{"line":39,"column":31},"end":{"line":39,"column":39}},"28":{"start":{"line":40,"column":2},"end":{"line":40,"column":46}},"29":{"start":{"line":40,"column":27},"end":{"line":40,"column":46}},"30":{"start":{"line":41,"column":2},"end":{"line":41,"column":58}},"31":{"start":{"line":41,"column":31},"end":{"line":41,"column":58}},"32":{"start":{"line":42,"column":2},"end":{"line":42,"column":17}},"33":{"start":{"line":46,"column":0},"end":{"line":51,"column":3}},"34":{"start":{"line":47,"column":16},"end":{"line":47,"column":70}},"35":{"start":{"line":47,"column":37},"end":{"line":47,"column":69}},"36":{"start":{"line":48,"column":2},"end":{"line":48,"column":77}},"37":{"start":{"line":48,"column":20},"end":{"line":48,"column":77}},"38":{"start":{"line":49,"column":2},"end":{"line":49,"column":25}},"39":{"start":{"line":50,"column":2},"end":{"line":50,"column":40}},"40":{"start":{"line":53,"column":0},"end":{"line":53,"column":72}},"41":{"start":{"line":53,"column":44},"end":{"line":53,"column":55}},"42":{"start":{"line":53,"column":56},"end":{"line":53,"column":67}}},"fnMap":{"0":{"name":"(anonymous_0)","decl":{"start":{"line":10,"column":19},"end":{"line":10,"column":20}},"loc":{"start":{"line":10,"column":33},"end":{"line":12,"column":1}},"line":10},"1":{"name":"(anonymous_1)","decl":{"start":{"line":15,"column":18},"end":{"line":15,"column":19}},"loc":{"start":{"line":15,"column":32},"end":{"line":17,"column":1}},"line":15},"2":{"name":"(anonymous_2)","decl":{"start":{"line":20,"column":22},"end":{"line":20,"column":23}},"loc":{"start":{"line":20,"column":36},"end":{"line":24,"column":1}},"line":20},"3":{"name":"(anonymous_3)","decl":{"start":{"line":21,"column":26},"end":{"line":21,"column":27}},"loc":{"start":{"line":21,"column":31},"end":{"line":21,"column":63}},"line":21},"4":{"name":"(anonymous_4)","decl":{"start":{"line":27,"column":19},"end":{"line":27,"column":20}},"loc":{"start":{"line":27,"column":33},"end":{"line":33,"column":1}},"line":27},"5":{"name":"(anonymous_5)","decl":{"start":{"line":36,"column":22},"end":{"line":36,"column":23}},"loc":{"start":{"line":36,"column":36},"end":{"line":43,"column":1}},"line":36},"6":{"name":"(anonymous_6)","decl":{"start":{"line":37,"column":26},"end":{"line":37,"column":27}},"loc":{"start":{"line":37,"column":31},"end":{"line":37,"column":63}},"line":37},"7":{"name":"(anonymous_7)","decl":{"start":{"line":46,"column":25},"end":{"line":46,"column":26}},"loc":{"start":{"line":46,"column":39},"end":{"line":51,"column":1}},"line":46},"8":{"name":"(anonymous_8)","decl":{"start":{"line":47,"column":32},"end":{"line":47,"column":33}},"loc":{"start":{"line":47,"column":37},"end":{"line":47,"column":69}},"line":47},"9":{"name":"(anonymous_9)","decl":{"start":{"line":53,"column":36},"end":{"line":53,"column":37}},"loc":{"start":{"line":53,"column":42},"end":{"line":53,"column":69}},"line":53}},"branchMap":{"0":{"loc":{"start":{"line":22,"column":2},"end":{"line":22,"column":70}},"type":"if","locations":[{"start":{"line":22,"column":2},"end":{"line":22,"column":70}},{"start":{},"end":{}}],"line":22},"1":{"loc":{"start":{"line":29,"column":2},"end":{"line":29,"column":74}},"type":"if","locations":[{"start":{"line":29,"column":2},"end":{"line":29,"column":74}},{"start":{},"end":{}}],"line":29},"2":{"loc":{"start":{"line":38,"column":2},"end":{"line":38,"column":70}},"type":"if","locations":[{"start":{"line":38,"column":2},"end":{"line":38,"column":70}},{"start":{},"end":{}}],"line":38},"3":{"loc":{"start":{"line":40,"column":2},"end":{"line":40,"column":46}},"type":"if","locations":[{"start":{"line":40,"column":2},"end":{"line":40,"column":46}},{"start":{},"end":{}}],"line":40},"4":{"loc":{"start":{"line":41,"column":2},"end":{"line":41,"column":58}},"type":"if","locations":[{"start":{"line":41,"column":2},"end":{"line":41,"column":58}},{"start":{},"end":{}}],"line":41},"5":{"loc":{"start":{"line":48,"column":2},"end":{"line":48,"column":77}},"type":"if","locations":[{"start":{"line":48,"column":2},"end":{"line":48,"column":77}},{"start":{},"end":{}}],"line":48}},"s":{"0":1,"1":1,"2":1,"3":1,"4":1,"5":1,"6":1,"7":1,"8":1,"9":1,"10":2,"11":1,"12":2,"13":1,"14":1,"15":1,"16":5,"17":5,"18":1,"19":4,"20":4,"21":4,"22":1,"23":1,"24":1,"25":1,"26":0,"27":1,"28":1,"29":1,"30":1,"31":1,"32":1,"33":1,"34":1,"35":1,"36":1,"37":0,"38":1,"39":1,"40":1,"41":8,"42":8},"f":{"0":1,"1":1,"2":2,"3":1,"4":5,"5":1,"6":1,"7":1,"8":1,"9":8},"b":{"0":[1,1],"1":[1,4],"2":[0,1],"3":[1,0],"4":[1,0],"5":[0,1]},"_coverageSchema":"1a1c01bbd47fc00a2c39e90264f33305004495a9","hash":"a7dfc09a5380d60a383fa6b079c9a572f391c1e7"}
}
